<?xml version="1.0" encoding="UTF-8"?>
<robot generator="Robot 6.0.1 (Python 3.10.8 on win32)" generated="20221128 21:16:59.896" rpa="false" schemaversion="3">
<suite id="s1" name="Script" source="c:\Users\dell\Desktop\Robotframework Pratique1\TestCases\Script.robot">
<test id="s1-t1" name="Negative password test" line="30">
<kw name="Login Invalid password" library="Keywords">
<kw name="Open Browser" library="SeleniumLibrary">
<arg>${url}</arg>
<arg>${browser}</arg>
<doc>Opens a new browser instance to the optional ``url``.</doc>
<msg timestamp="20221128 21:17:00.137" level="INFO">Opening browser 'gc' to base url 'https://practicetestautomation.com/practice-test-login/'.</msg>
<status status="PASS" starttime="20221128 21:17:00.136" endtime="20221128 21:17:02.360"/>
</kw>
<kw name="Maximize Browser Window" library="SeleniumLibrary">
<doc>Maximizes current browser window.</doc>
<status status="PASS" starttime="20221128 21:17:02.361" endtime="20221128 21:17:02.479"/>
</kw>
<kw name="Sleep" library="BuiltIn">
<arg>3</arg>
<doc>Pauses the test executed for the given time.</doc>
<msg timestamp="20221128 21:17:05.485" level="INFO">Slept 3 seconds</msg>
<status status="PASS" starttime="20221128 21:17:02.480" endtime="20221128 21:17:05.485"/>
</kw>
<kw name="Input Text" library="SeleniumLibrary">
<arg>${txt_loginUserName}</arg>
<arg>${username}</arg>
<doc>Types the given ``text`` into the text field identified by ``locator``.</doc>
<msg timestamp="20221128 21:17:05.486" level="INFO">Typing text 'student' into text field 'id:username'.</msg>
<status status="PASS" starttime="20221128 21:17:05.485" endtime="20221128 21:17:05.559"/>
</kw>
<kw name="Input Password" library="SeleniumLibrary">
<arg>${txt_loginPassWord}</arg>
<arg>${psswordNonValid}</arg>
<doc>Types the given password into the text field identified by ``locator``.</doc>
<msg timestamp="20221128 21:17:05.560" level="INFO">Typing password into text field 'id:password'.</msg>
<msg timestamp="20221128 21:17:05.596" level="INFO">Temporally setting log level to: NONE</msg>
<msg timestamp="20221128 21:17:05.638" level="INFO">Log level changed from NONE to INFO.</msg>
<status status="PASS" starttime="20221128 21:17:05.559" endtime="20221128 21:17:05.639"/>
</kw>
<kw name="Sleep" library="BuiltIn">
<arg>2</arg>
<doc>Pauses the test executed for the given time.</doc>
<msg timestamp="20221128 21:17:07.652" level="INFO">Slept 2 seconds</msg>
<status status="PASS" starttime="20221128 21:17:05.639" endtime="20221128 21:17:07.653"/>
</kw>
<kw name="Click Button" library="SeleniumLibrary">
<arg>${txt_loginPtn}</arg>
<doc>Clicks the button identified by ``locator``.</doc>
<msg timestamp="20221128 21:17:07.653" level="INFO">Clicking button 'xpath://button[@id='submit']'.</msg>
<status status="PASS" starttime="20221128 21:17:07.653" endtime="20221128 21:17:07.697"/>
</kw>
<kw name="Sleep" library="BuiltIn">
<arg>2</arg>
<doc>Pauses the test executed for the given time.</doc>
<msg timestamp="20221128 21:17:09.712" level="INFO">Slept 2 seconds</msg>
<status status="PASS" starttime="20221128 21:17:07.697" endtime="20221128 21:17:09.713"/>
</kw>
<status status="PASS" starttime="20221128 21:17:00.136" endtime="20221128 21:17:09.713"/>
</kw>
<kw name="Verif Negative password" library="Keywords">
<kw name="Wait Until Element Is Visible" library="SeleniumLibrary">
<arg>${txt_MessagErreur}</arg>
<doc>Waits until the element ``locator`` is visible.</doc>
<status status="PASS" starttime="20221128 21:17:09.714" endtime="20221128 21:17:09.741"/>
</kw>
<kw name="Page Should Contain" library="SeleniumLibrary">
<arg>${MessagErreur2}</arg>
<doc>Verifies that current page contains ``text``.</doc>
<msg timestamp="20221128 21:17:09.753" level="INFO">Current page contains text 'Your password is invalid!'.</msg>
<status status="PASS" starttime="20221128 21:17:09.741" endtime="20221128 21:17:09.753"/>
</kw>
<kw name="Close Browser" library="SeleniumLibrary">
<doc>Closes the current browser.</doc>
<status status="PASS" starttime="20221128 21:17:09.754" endtime="20221128 21:17:11.906"/>
</kw>
<status status="PASS" starttime="20221128 21:17:09.714" endtime="20221128 21:17:11.908"/>
</kw>
<status status="PASS" starttime="20221128 21:17:00.135" endtime="20221128 21:17:11.910"/>
</test>
<status status="PASS" starttime="20221128 21:16:59.903" endtime="20221128 21:17:11.916"/>
</suite>
<statistics>
<total>
<stat pass="1" fail="0" skip="0">All Tests</stat>
</total>
<tag>
</tag>
<suite>
<stat pass="1" fail="0" skip="0" id="s1" name="Script">Script</stat>
</suite>
</statistics>
<errors>
</errors>
</robot>
